1621391946790	geckodriver	INFO	Listening on 127.0.0.1:52399
1621391949875	mozrunner::runner	INFO	Running command: "C:\\Program Files\\Mozilla Firefox\\firefox.exe" "--marionette" "-foreground" "-no-remote" "-profile" "C:\\Users\\LENOVO\\AppData\\Local\\Temp\\rust_mozprofile3ASoQH"
1621391950845	Marionette	INFO	Marionette enabled
JavaScript error: resource://gre/modules/XULStore.jsm, line 66: Error: Can't find profile directory.
console.warn: SearchSettings: "get: No settings file exists, new profile?" (new Error("", "(unknown module)"))
1621391955662	Marionette	INFO	Listening on port 52407
1621391955747	Marionette	WARN	TLS certificate errors will be ignored for this session
JavaScript warning: https://web.whatsapp.com/bootstrap_qr.21cdeb5afaacd0e5706a.js, line 1: unreachable code after return statement
JavaScript warning: https://web.whatsapp.com/bootstrap_qr.21cdeb5afaacd0e5706a.js, line 1: unreachable code after return statement
1621392043092	Marionette	INFO	Stopped listening on port 52407

###!!! [Child][RunMessage] Error: Channel closing: too late to send/recv, messages will be lost

1621392148126	geckodriver	INFO	Listening on 127.0.0.1:52488
1621392151168	mozrunner::runner	INFO	Running command: "C:\\Program Files\\Mozilla Firefox\\firefox.exe" "--marionette" "-foreground" "-no-remote" "-profile" "C:\\Users\\LENOVO\\AppData\\Local\\Temp\\rust_mozprofilevF10LN"
1621392152035	Marionette	INFO	Marionette enabled
JavaScript error: resource://gre/modules/XULStore.jsm, line 66: Error: Can't find profile directory.
console.warn: SearchSettings: "get: No settings file exists, new profile?" (new Error("", "(unknown module)"))
1621392156113	Marionette	INFO	Listening on port 52496
1621392156467	Marionette	WARN	TLS certificate errors will be ignored for this session
JavaScript warning: https://web.whatsapp.com/bootstrap_qr.21cdeb5afaacd0e5706a.js, line 1: unreachable code after return statement
JavaScript warning: https://web.whatsapp.com/bootstrap_qr.21cdeb5afaacd0e5706a.js, line 1: unreachable code after return statement
1621392772580	Marionette	INFO	Stopped listening on port 52496

###!!! [Child][RunMessage] Error: Channel closing: too late to send/recv, messages will be lost

1621392777326	geckodriver	INFO	Listening on 127.0.0.1:52609
1621392780384	mozrunner::runner	INFO	Running command: "C:\\Program Files\\Mozilla Firefox\\firefox.exe" "--marionette" "-foreground" "-no-remote" "-profile" "C:\\Users\\LENOVO\\AppData\\Local\\Temp\\rust_mozprofilevzdizv"
1621392781204	Marionette	INFO	Marionette enabled
JavaScript error: resource://gre/modules/XULStore.jsm, line 66: Error: Can't find profile directory.
console.warn: SearchSettings: "get: No settings file exists, new profile?" (new Error("", "(unknown module)"))
1621392785561	Marionette	INFO	Listening on port 52617
1621392785751	Marionette	WARN	TLS certificate errors will be ignored for this session
JavaScript warning: https://web.whatsapp.com/bootstrap_qr.21cdeb5afaacd0e5706a.js, line 1: unreachable code after return statement
JavaScript warning: https://web.whatsapp.com/bootstrap_qr.21cdeb5afaacd0e5706a.js, line 1: unreachable code after return statement
1621393567562	Marionette	INFO	Stopped listening on port 52617

###!!! [Child][RunMessage] Error: Channel closing: too late to send/recv, messages will be lost

"--marionette" "-foreground" "-no-remote" "-profile" "C:\\Users\\LENOVO\\AppData\\Local\\Temp\\rust_mozprofileew5eeR"
1621393530550	Marionette	INFO	Marionette enabled
JavaScript error: resource://gre/modules/XULStore.jsm, line 66: Error: Can't find profile directory.
console.warn: SearchSettings: "get: No settings file exists, new profile?" (new Error("", "(unknown module)"))
1621393534929	Marionette	INFO	Listening on port 52727
1621393535042	Marionette	WARN	TLS certificate errors will be ignored for this session
JavaScript warning: https://web.whatsapp.com/bootstrap_qr.21cdeb5afaacd0e5706a.js, line 1: unreachable code after return statement
JavaScript warning: https://web.whatsapp.com/bootstrap_qr.21cdeb5afaacd0e5706a.js, line 1: unreachable code after return statement
1621393565117	Marionette	INFO	Stopped listening on port 52727

###!!! [Child][RunMessage] Error: Channel closing: too late to send/recv, messages will be lost

1621393581008	geckodriver	INFO	Listening on 127.0.0.1:52792
1621393584083	mozrunner::runner	INFO	Running command: "C:\\Program Files\\Mozilla Firefox\\firefox.exe" "--marionette" "-foreground" "-no-remote" "-profile" "C:\\Users\\LENOVO\\AppData\\Local\\Temp\\rust_mozprofilejIpfwl"
1621393584871	Marionette	INFO	Marionette enabled
JavaScript error: resource://gre/modules/XULStore.jsm, line 66: Error: Can't find profile directory.
console.warn: SearchSettings: "get: No settings file exists, new profile?" (new Error("", "(unknown module)"))
1621393588902	Marionette	INFO	Listening on port 52800
1621393589409	Marionette	WARN	TLS certificate errors will be ignored for this session
JavaScript warning: https://web.whatsapp.com/bootstrap_qr.21cdeb5afaacd0e5706a.js, line 1: unreachable code after return statement
JavaScript warning: https://web.whatsapp.com/bootstrap_qr.21cdeb5afaacd0e5706a.js, line 1: unreachable code after return statement
1621394155813	Marionette	INFO	Stopped listening on port 52800

###!!! [Child][RunMessage] Error: Channel closing: too late to send/recv, messages will be lost

"--marionette" "-foreground" "-no-remote" "-profile" "C:\\Users\\LENOVO\\AppData\\Local\\Temp\\rust_mozprofile4rar3O"
1621393597369	Marionette	INFO	Marionette enabled
JavaScript error: resource://gre/modules/XULStore.jsm, line 66: Error: Can't find profile directory.
console.warn: SearchSettings: "get: No settings file exists, new profile?" (new Error("", "(unknown module)"))
1621393601532	Marionette	INFO	Listening on port 52866
1621393601929	Marionette	WARN	TLS certificate errors will be ignored for this session
JavaScript warning: https://web.whatsapp.com/bootstrap_qr.21cdeb5afaacd0e5706a.js, line 1: unreachable code after return statement
JavaScript warning: https://web.whatsapp.com/bootstrap_qr.21cdeb5afaacd0e5706a.js, line 1: unreachable code after return statement
[Parent 9596, IPC I/O Parent] WARNING: pipe error: 232: file /builds/worker/checkouts/gecko/ipc/chromium/src/chrome/common/ipc_channel_win.cc:544
1621394157662	Marionette	INFO	Stopped listening on port 52866
ofile" "C:\\Users\\LENOVO\\AppData\\Local\\Temp\\rust_mozprofiledJP3Lw"
1621393849550	Marionette	INFO	Marionette enabled
JavaScript error: resource://gre/modules/XULStore.jsm, line 66: Error: Can't find profile directory.
console.warn: SearchSettings: "get: No settings file exists, new profile?" (new Error("", "(unknown module)"))
1621393853646	Marionette	INFO	Listening on port 52945
1621393854139	Marionette	WARN	TLS certificate errors will be ignored for this session
JavaScript warning: https://web.whatsapp.com/bootstrap_qr.21cdeb5afaacd0e5706a.js, line 1: unreachable code after return statement
JavaScript warning: https://web.whatsapp.com/bootstrap_qr.21cdeb5afaacd0e5706a.js, line 1: unreachable code after return statement
1621394159341	Marionette	INFO	Stopped listening on port 52945

###!!! [Child][RunMessage] Error: Channel closing: too late to send/recv, messages will be lost

"--marionette" "-foreground" "-no-remote" "-profile" "C:\\Users\\LENOVO\\AppData\\Local\\Temp\\rust_mozprofiletRbP7n"
1621393958287	Marionette	INFO	Marionette enabled
JavaScript error: resource://gre/modules/XULStore.jsm, line 66: Error: Can't find profile directory.
console.warn: SearchSettings: "get: No settings file exists, new profile?" (new Error("", "(unknown module)"))
1621393962374	Marionette	INFO	Listening on port 53022
1621393962837	Marionette	WARN	TLS certificate errors will be ignored for this session
JavaScript warning: https://web.whatsapp.com/bootstrap_qr.21cdeb5afaacd0e5706a.js, line 1: unreachable code after return statement
JavaScript warning: https://web.whatsapp.com/bootstrap_qr.21cdeb5afaacd0e5706a.js, line 1: unreachable code after return statement
1621394161158	Marionette	INFO	Stopped listening on port 53022

###!!! [Child][RunMessage] Error: Channel closing: too late to send/recv, messages will be lost

"--marionette" "-foreground" "-no-remote" "-profile" "C:\\Users\\LENOVO\\AppData\\Local\\Temp\\rust_mozprofileWJEQTD"
1621394027372	Marionette	INFO	Marionette enabled
JavaScript error: resource://gre/modules/XULStore.jsm, line 66: Error: Can't find profile directory.
console.warn: SearchSettings: "get: No settings file exists, new profile?" (new Error("", "(unknown module)"))
1621394031294	Marionette	INFO	Listening on port 53103
1621394031429	Marionette	WARN	TLS certificate errors will be ignored for this session
JavaScript warning: https://web.whatsapp.com/bootstrap_qr.21cdeb5afaacd0e5706a.js, line 1: unreachable code after return statement
JavaScript warning: https://web.whatsapp.com/bootstrap_qr.21cdeb5afaacd0e5706a.js, line 1: unreachable code after return statement
1621394162830	Marionette	INFO	Stopped listening on port 53103

###!!! [Child][RunMessage] Error: Channel closing: too late to send/recv, messages will be lost

"--marionette" "-foreground" "-no-remote" "-profile" "C:\\Users\\LENOVO\\AppData\\Local\\Temp\\rust_mozprofilehwYHMm"
1621394093080	Marionette	INFO	Marionette enabled
JavaScript error: resource://gre/modules/XULStore.jsm, line 66: Error: Can't find profile directory.
console.warn: SearchSettings: "get: No settings file exists, new profile?" (new Error("", "(unknown module)"))
1621394097253	Marionette	INFO	Listening on port 53171
1621394097596	Marionette	WARN	TLS certificate errors will be ignored for this session
JavaScript warning: https://web.whatsapp.com/bootstrap_qr.21cdeb5afaacd0e5706a.js, line 1: unreachable code after return statement
JavaScript warning: https://web.whatsapp.com/bootstrap_qr.21cdeb5afaacd0e5706a.js, line 1: unreachable code after return statement
1621394165604	Marionette	INFO	Stopped listening on port 53171

###!!! [Child][RunMessage] Error: Channel closing: too late to send/recv, messages will be lost

1621394169833	geckodriver	INFO	Listening on 127.0.0.1:53237
1621394172909	mozrunner::runner	INFO	Running command: "C:\\Program Files\\Mozilla Firefox\\firefox.exe" "--marionette" "-foreground" "-no-remote" "-profile" "C:\\Users\\LENOVO\\AppData\\Local\\Temp\\rust_mozprofilejw9o69"
1621394173729	Marionette	INFO	Marionette enabled
JavaScript error: resource://gre/modules/XULStore.jsm, line 66: Error: Can't find profile directory.
console.warn: SearchSettings: "get: No settings file exists, new profile?" (new Error("", "(unknown module)"))
1621394178067	Marionette	INFO	Listening on port 53246
1621394178234	Marionette	WARN	TLS certificate errors will be ignored for this session
JavaScript warning: https://web.whatsapp.com/bootstrap_qr.21cdeb5afaacd0e5706a.js, line 1: unreachable code after return statement
JavaScript warning: https://web.whatsapp.com/bootstrap_qr.21cdeb5afaacd0e5706a.js, line 1: unreachable code after return statement
1621396018757	Marionette	INFO	Stopped listening on port 53246

###!!! [Child][RunMessage] Error: Channel closing: too late to send/recv, messages will be lost

"--marionette" "-foreground" "-no-remote" "-profile" "C:\\Users\\LENOVO\\AppData\\Local\\Temp\\rust_mozprofile0HPrCf"
1621394218643	Marionette	INFO	Marionette enabled
JavaScript error: resource://gre/modules/XULStore.jsm, line 66: Error: Can't find profile directory.
console.warn: SearchSettings: "get: No settings file exists, new profile?" (new Error("", "(unknown module)"))
1621394222828	Marionette	INFO	Listening on port 53312
1621394223192	Marionette	WARN	TLS certificate errors will be ignored for this session
JavaScript warning: https://web.whatsapp.com/bootstrap_qr.21cdeb5afaacd0e5706a.js, line 1: unreachable code after return statement
JavaScript warning: https://web.whatsapp.com/bootstrap_qr.21cdeb5afaacd0e5706a.js, line 1: unreachable code after return statement
JavaScript error: https://gum.criteo.com/sync?c=30&r=2&j=cr_handle_data_a, line 1: SecurityError: The operation is insecure.
1621396020610	Marionette	INFO	Stopped listening on port 53312

###!!! [Child][RunMessage] Error: Channel closing: too late to send/recv, messages will be lost

92503	Marionette	INFO	Marionette enabled
JavaScript error: resource://gre/modules/XULStore.jsm, line 66: Error: Can't find profile directory.
console.warn: SearchSettings: "get: No settings file exists, new profile?" (new Error("", "(unknown module)"))
1621394296704	Marionette	INFO	Listening on port 53384
1621394297057	Marionette	WARN	TLS certificate errors will be ignored for this session
JavaScript warning: https://web.whatsapp.com/bootstrap_qr.21cdeb5afaacd0e5706a.js, line 1: unreachable code after return statement
JavaScript warning: https://web.whatsapp.com/bootstrap_qr.21cdeb5afaacd0e5706a.js, line 1: unreachable code after return statement
1621394852171	Marionette	INFO	Stopped listening on port 53384

###!!! [Child][RunMessage] Error: Channel closing: too late to send/recv, messages will be lost

1621397946764	geckodriver	INFO	Listening on 127.0.0.1:54313
1621397949843	mozrunner::runner	INFO	Running command: "C:\\Program Files\\Mozilla Firefox\\firefox.exe" "--marionette" "-foreground" "-no-remote" "-profile" "C:\\Users\\LENOVO\\AppData\\Local\\Temp\\rust_mozprofileWE6rCp"
1621397950329	Marionette	INFO	Marionette enabled
JavaScript error: resource://gre/modules/XULStore.jsm, line 66: Error: Can't find profile directory.
console.warn: SearchSettings: "get: No settings file exists, new profile?" (new Error("", "(unknown module)"))
1621397952470	Marionette	INFO	Listening on port 54321
1621397952511	Marionette	WARN	TLS certificate errors will be ignored for this session
JavaScript warning: https://web.whatsapp.com/bootstrap_qr.21cdeb5afaacd0e5706a.js, line 1: unreachable code after return statement
JavaScript warning: https://web.whatsapp.com/bootstrap_qr.21cdeb5afaacd0e5706a.js, line 1: unreachable code after return statement
1621398220391	Marionette	INFO	Stopped listening on port 54321

###!!! [Child][RunMessage] Error: Channel closing: too late to send/recv, messages will be lost

1621398230252	geckodriver	INFO	Listening on 127.0.0.1:54398
1621398233312	mozrunner::runner	INFO	Running command: "C:\\Program Files\\Mozilla Firefox\\firefox.exe" "--marionette" "-foreground" "-no-remote" "-profile" "C:\\Users\\LENOVO\\AppData\\Local\\Temp\\rust_mozprofiler2YxCa"
1621398233738	Marionette	INFO	Marionette enabled
JavaScript error: resource://gre/modules/XULStore.jsm, line 66: Error: Can't find profile directory.
console.warn: SearchSettings: "get: No settings file exists, new profile?" (new Error("", "(unknown module)"))
1621398235941	Marionette	INFO	Listening on port 54406
1621398236005	Marionette	WARN	TLS certificate errors will be ignored for this session
JavaScript warning: https://web.whatsapp.com/bootstrap_qr.21cdeb5afaacd0e5706a.js, line 1: unreachable code after return statement
JavaScript warning: https://web.whatsapp.com/bootstrap_qr.21cdeb5afaacd0e5706a.js, line 1: unreachable code after return statement
JavaScript error: , line 0: uncaught exception: Object
JavaScript warning: https://pagead2.googlesyndication.com/bg/NEBu3pajZdeXNrzBMTKKpDrnjihkyh5N8uMAWlauysY.js line 1 > eval, line 3708: Script terminated by timeout at:
r.prototype.A@https://pagead2.googlesyndication.com/bg/NEBu3pajZdeXNrzBMTKKpDrnjihkyh5N8uMAWlauysY.js line 1 > eval:3708:5596
@https://pagead2.googlesyndication.com/bg/NEBu3pajZdeXNrzBMTKKpDrnjihkyh5N8uMAWlauysY.js line 1 > eval line 3708 > eval:1:72
iy@https://pagead2.googlesyndication.com/bg/NEBu3pajZdeXNrzBMTKKpDrnjihkyh5N8uMAWlauysY.js line 1 > eval line 3708 > eval:1:181
vP@https://pagead2.googlesyndication.com/bg/NEBu3pajZdeXNrzBMTKKpDrnjihkyh5N8uMAWlauysY.js line 1 > eval line 3708 > eval:1:85
r.prototype.K</<@https://pagead2.googlesyndication.com/bg/NEBu3pajZdeXNrzBMTKKpDrnjihkyh5N8uMAWlauysY.js line 1 > eval:3708:11566
BP@https://pagead2.googlesyndication.com/bg/NEBu3pajZdeXNrzBMTKKpDrnjihkyh5N8uMAWlauysY.js line 1 > eval:3708:7698
OK@https://pagead2.googlesyndication.com/bg/NEBu3pajZdeXNrzBMTKKpDrnjihkyh5N8uMAWlauysY.js line 1 > eval:3708:13370
G<@https://pagead2.googlesyndication.com/bg/NEBu3pajZdeXNrzBMTKKpDrnjihkyh5N8uMAWlauysY.js line 1 > eval:3708:12478
r.prototype.P@https://pagead2.googlesyndication.com/bg/NEBu3pajZdeXNrzBMTKKpDrnjihkyh5N8uMAWlauysY.js line 1 > eval:3708:5254
BP/<@https://pagead2.googlesyndication.com/bg/NEBu3pajZdeXNrzBMTKKpDrnjihkyh5N8uMAWlauysY.js line 1 > eval:3708:7929
Q@https://pagead2.googlesyndication.com/bg/NEBu3pajZdeXNrzBMTKKpDrnjihkyh5N8uMAWlauysY.js line 1 > eval:3708:208
invoke@https://pagead2.googlesyndication.com/bg/NEBu3pajZdeXNrzBMTKKpDrnjihkyh5N8uMAWlauysY.js line 1 > eval:3708:249
za/<@https://tpc.googlesyndication.com/sodar/sodar2/222/runner.html:25:295
za@https://tpc.googlesyndication.com/sodar/sodar2/222/runner.html:25:247
d/<@https://tpc.googlesyndication.com/sodar/sodar2/222/runner.html:24:1557
J@https://tpc.googlesyndication.com/sodar/sodar2/222/runner.html:13:294
fa/this.next@https://tpc.googlesyndication.com/sodar/sodar2/222/runner.html:14:89
k@https://tpc.googlesyndication.com/sodar/sodar2/222/runner.html:23:451

1621399611574	Marionette	INFO	Stopped listening on port 54406

###!!! [Child][RunMessage] Error: Channel closing: too late to send/recv, messages will be lost

1621399643188	geckodriver	INFO	Listening on 127.0.0.1:54732
1621399646276	mozrunner::runner	INFO	Running command: "C:\\Program Files\\Mozilla Firefox\\firefox.exe" "--marionette" "-headless" "-foreground" "-no-remote" "-profile" "C:\\Users\\LENOVO\\AppData\\Local\\Temp\\rust_mozprofilePQKXyM"
*** You are running in headless mode.
1621399646665	Marionette	INFO	Marionette enabled
JavaScript error: resource://gre/modules/XULStore.jsm, line 66: Error: Can't find profile directory.
console.warn: SearchSettings: "get: No settings file exists, new profile?" (new Error("", "(unknown module)"))
1621399647880	Marionette	INFO	Listening on port 54740
1621399648346	Marionette	WARN	TLS certificate errors will be ignored for this session
JavaScript warning: https://web.whatsapp.com/bootstrap_qr.21cdeb5afaacd0e5706a.js, line 1: unreachable code after return statement
JavaScript warning: https://web.whatsapp.com/bootstrap_qr.21cdeb5afaacd0e5706a.js, line 1: unreachable code after return statement
1621399721152	geckodriver	INFO	Listening on 127.0.0.1:54809
1621399724223	mozrunner::runner	INFO	Running command: "C:\\Program Files\\Mozilla Firefox\\firefox.exe" "--marionette" "-headless" "-foreground" "-no-remote" "-profile" "C:\\Users\\LENOVO\\AppData\\Local\\Temp\\rust_mozprofileov0vIp"
*** You are running in headless mode.
1621399724578	Marionette	INFO	Marionette enabled
JavaScript error: resource://gre/modules/XULStore.jsm, line 66: Error: Can't find profile directory.
console.warn: SearchSettings: "get: No settings file exists, new profile?" (new Error("", "(unknown module)"))
1621399725635	Marionette	INFO	Listening on port 54817
1621399725781	Marionette	WARN	TLS certificate errors will be ignored for this session
JavaScript warning: https://web.whatsapp.com/bootstrap_qr.21cdeb5afaacd0e5706a.js, line 1: unreachable code after return statement
JavaScript warning: https://web.whatsapp.com/bootstrap_qr.21cdeb5afaacd0e5706a.js, line 1: unreachable code after return statement
1621400564056	geckodriver	INFO	Listening on 127.0.0.1:54979
1621400567108	mozrunner::runner	INFO	Running command: "C:\\Program Files\\Mozilla Firefox\\firefox.exe" "--marionette" "-headless" "-foreground" "-no-remote" "-profile" "C:\\Users\\LENOVO\\AppData\\Local\\Temp\\rust_mozprofileOKSXbu"
*** You are running in headless mode.
1621400567483	Marionette	INFO	Marionette enabled
JavaScript error: resource://gre/modules/XULStore.jsm, line 66: Error: Can't find profile directory.
console.warn: SearchSettings: "get: No settings file exists, new profile?" (new Error("", "(unknown module)"))
1621400568653	Marionette	INFO	Listening on port 54987
1621400569175	Marionette	WARN	TLS certificate errors will be ignored for this session
JavaScript warning: https://web.whatsapp.com/bootstrap_qr.21cdeb5afaacd0e5706a.js, line 1: unreachable code after return statement
JavaScript warning: https://web.whatsapp.com/bootstrap_qr.21cdeb5afaacd0e5706a.js, line 1: unreachable code after return statement

###!!! [Parent][MessageChannel] Error: (msgtype=0x690008,name=PMessagePort::Msg___delete__) Channel closing: too late to send/recv, messages will be lost


###!!! [Parent][RunMessage] Error: Channel closing: too late to send/recv, messages will be lost


###!!! [Parent][RunMessage] Error: Channel closing: too late to send/recv, messages will be lost

1621400861903	geckodriver	INFO	Listening on 127.0.0.1:55121
1621400865017	mozrunner::runner	INFO	Running command: "C:\\Program Files\\Mozilla Firefox\\firefox.exe" "--marionette" "-headless" "-foreground" "-no-remote" "-profile" "C:\\Users\\LENOVO\\AppData\\Local\\Temp\\rust_mozprofilec63Wap"
*** You are running in headless mode.
1621400865377	Marionette	INFO	Marionette enabled
JavaScript error: resource://gre/modules/XULStore.jsm, line 66: Error: Can't find profile directory.
console.warn: SearchSettings: "get: No settings file exists, new profile?" (new Error("", "(unknown module)"))
1621400866642	Marionette	INFO	Listening on port 55129
1621400867072	Marionette	WARN	TLS certificate errors will be ignored for this session
JavaScript warning: https://web.whatsapp.com/bootstrap_qr.21cdeb5afaacd0e5706a.js, line 1: unreachable code after return statement
JavaScript warning: https://web.whatsapp.com/bootstrap_qr.21cdeb5afaacd0e5706a.js, line 1: unreachable code after return statement
[Parent 3092, IPC I/O Parent] WARNING: pipe error: 232: file /builds/worker/checkouts/gecko/ipc/chromium/src/chrome/common/ipc_channel_win.cc:544
1621401110266	geckodriver	INFO	Listening on 127.0.0.1:55218
1621401113327	mozrunner::runner	INFO	Running command: "C:\\Program Files\\Mozilla Firefox\\firefox.exe" "--marionette" "-headless" "-foreground" "-no-remote" "-profile" "C:\\Users\\LENOVO\\AppData\\Local\\Temp\\rust_mozprofileuBlPMk"
*** You are running in headless mode.
1621401113688	Marionette	INFO	Marionette enabled
JavaScript error: resource://gre/modules/XULStore.jsm, line 66: Error: Can't find profile directory.
console.warn: SearchSettings: "get: No settings file exists, new profile?" (new Error("", "(unknown module)"))
1621401114787	Marionette	INFO	Listening on port 55226
1621401114875	Marionette	WARN	TLS certificate errors will be ignored for this session
JavaScript warning: https://web.whatsapp.com/bootstrap_qr.21cdeb5afaacd0e5706a.js, line 1: unreachable code after return statement
JavaScript warning: https://web.whatsapp.com/bootstrap_qr.21cdeb5afaacd0e5706a.js, line 1: unreachable code after return statement
1621401263706	geckodriver	INFO	Listening on 127.0.0.1:55300
1621401266767	mozrunner::runner	INFO	Running command: "C:\\Program Files\\Mozilla Firefox\\firefox.exe" "--marionette" "-headless" "-foreground" "-no-remote" "-profile" "C:\\Users\\LENOVO\\AppData\\Local\\Temp\\rust_mozprofileTSZA3h"
*** You are running in headless mode.
1621401267320	Marionette	INFO	Marionette enabled
JavaScript error: resource://gre/modules/XULStore.jsm, line 66: Error: Can't find profile directory.
console.warn: SearchSettings: "get: No settings file exists, new profile?" (new Error("", "(unknown module)"))
1621401268797	Marionette	INFO	Listening on port 55309
1621401268831	Marionette	WARN	TLS certificate errors will be ignored for this session
JavaScript warning: https://web.whatsapp.com/bootstrap_qr.3ee97e011a14353fd537.js, line 1: unreachable code after return statement
JavaScript warning: https://web.whatsapp.com/bootstrap_qr.3ee97e011a14353fd537.js, line 1: unreachable code after return statement
1621401331202	geckodriver	INFO	Listening on 127.0.0.1:55388
1621401334292	mozrunner::runner	INFO	Running command: "C:\\Program Files\\Mozilla Firefox\\firefox.exe" "--marionette" "-headless" "-foreground" "-no-remote" "-profile" "C:\\Users\\LENOVO\\AppData\\Local\\Temp\\rust_mozprofileuBuHhT"
*** You are running in headless mode.
1621401334697	Marionette	INFO	Marionette enabled
JavaScript error: resource://gre/modules/XULStore.jsm, line 66: Error: Can't find profile directory.
console.warn: SearchSettings: "get: No settings file exists, new profile?" (new Error("", "(unknown module)"))
1621401335902	Marionette	INFO	Listening on port 55396
1621401336340	Marionette	WARN	TLS certificate errors will be ignored for this session
JavaScript warning: https://web.whatsapp.com/bootstrap_qr.21cdeb5afaacd0e5706a.js, line 1: unreachable code after return statement
JavaScript warning: https://web.whatsapp.com/bootstrap_qr.21cdeb5afaacd0e5706a.js, line 1: unreachable code after return statement
1621401473768	geckodriver	INFO	Listening on 127.0.0.1:55474
1621401476828	mozrunner::runner	INFO	Running command: "C:\\Program Files\\Mozilla Firefox\\firefox.exe" "--marionette" "-headless" "-foreground" "-no-remote" "-profile" "C:\\Users\\LENOVO\\AppData\\Local\\Temp\\rust_mozprofilebK3yWW"
*** You are running in headless mode.
1621401477239	Marionette	INFO	Marionette enabled
JavaScript error: resource://gre/modules/XULStore.jsm, line 66: Error: Can't find profile directory.
console.warn: SearchSettings: "get: No settings file exists, new profile?" (new Error("", "(unknown module)"))
1621401478443	Marionette	INFO	Listening on port 55482
1621401478886	Marionette	WARN	TLS certificate errors will be ignored for this session
JavaScript warning: https://web.whatsapp.com/bootstrap_qr.21cdeb5afaacd0e5706a.js, line 1: unreachable code after return statement
JavaScript warning: https://web.whatsapp.com/bootstrap_qr.21cdeb5afaacd0e5706a.js, line 1: unreachable code after return statement

###!!! [Parent][RunMessage] Error: Channel closing: too late to send/recv, messages will be lost


###!!! [Parent][RunMessage] Error: Channel closing: too late to send/recv, messages will be lost

1621403706906	geckodriver	INFO	Listening on 127.0.0.1:56746
1621403709985	mozrunner::runner	INFO	Running command: "C:\\Program Files\\Mozilla Firefox\\firefox.exe" "--marionette" "-headless" "-foreground" "-no-remote" "-profile" "C:\\Users\\LENOVO\\AppData\\Local\\Temp\\rust_mozprofilecvdRBY"
*** You are running in headless mode.
1621403710372	Marionette	INFO	Marionette enabled
JavaScript error: resource://gre/modules/XULStore.jsm, line 66: Error: Can't find profile directory.
console.warn: SearchSettings: "get: No settings file exists, new profile?" (new Error("", "(unknown module)"))
1621403711729	Marionette	INFO	Listening on port 56754
1621403712034	Marionette	WARN	TLS certificate errors will be ignored for this session
JavaScript warning: https://web.whatsapp.com/bootstrap_qr.21cdeb5afaacd0e5706a.js, line 1: unreachable code after return statement
JavaScript warning: https://web.whatsapp.com/bootstrap_qr.21cdeb5afaacd0e5706a.js, line 1: unreachable code after return statement
1621403743676	geckodriver	INFO	Listening on 127.0.0.1:56809
1621403746700	mozrunner::runner	INFO	Running command: "C:\\Program Files\\Mozilla Firefox\\firefox.exe" "--marionette" "-headless" "-foreground" "-no-remote" "-profile" "C:\\Users\\LENOVO\\AppData\\Local\\Temp\\rust_mozprofilewResEv"
*** You are running in headless mode.
1621403747108	Marionette	INFO	Marionette enabled
JavaScript error: resource://gre/modules/XULStore.jsm, line 66: Error: Can't find profile directory.
console.warn: SearchSettings: "get: No settings file exists, new profile?" (new Error("", "(unknown module)"))
1621403748260	Marionette	INFO	Listening on port 56817
1621403748758	Marionette	WARN	TLS certificate errors will be ignored for this session
console.error: Region.jsm: "Error fetching region" (new Error("TIMEOUT", "resource://gre/modules/Region.jsm", 772))
console.error: Region.jsm: "Failed to fetch region" (new Error("TIMEOUT", "resource://gre/modules/Region.jsm", 419))
JavaScript warning: https://web.whatsapp.com/bootstrap_qr.211621403799542	mozrunner::runner	INFO	Running command: "C:\\Program Files\\Mozilla Firefox\\firefox.exe" "--marionette" "-headless" "-foreground" "-no-remote" "-profile" "C:\\Users\\LENOVO\\AppData\\Local\\Temp\\rust_mozprofilep1ORle"
*** You are running in headless mode.
1621403799989	Marionette	INFO	Marionette enabled
JavaScript error: resource://gre/modules/XULStore.jsm, line 66: Error: Can't find profile directory.
console.warn: SearchSettings: "get: No settings file exists, new profile?" (new Error("", "(unknown module)"))
1621403801201	Marionette	INFO	Listening on port 56895
1621403801597	Marionette	WARN	TLS certificate errors will be ignored for this session
JavaScript warning: https://web.whatsapp.com/bootstrap_qr.21cdeb5afaacd0e5706a.js, line 1: unreachable code after return statement
JavaScript warning: https://web.whatsapp.com/bootstrap_qr.21cdeb5afaacd0e5706a.js, line 1: unreachable code after return statement
1621403874206	geckodriver	INFO	Listening on 127.0.0.1:56991
1621403877268	mozrunner::runner	INFO	Running command: "C:\\Program Files\\Mozilla Firefox\\firefox.exe" "--marionette" "-headless" "-foreground" "-no-remote" "-profile" "C:\\Users\\LENOVO\\AppData\\Local\\Temp\\rust_mozprofilezlvnDz"
*** You are running in headless mode.
1621403877695	Marionette	INFO	Marionette enabled
JavaScript error: resource://gre/modules/XULStore.jsm, line 66: Error: Can't find profile directory.
console.warn: SearchSettings: "get: No settings file exists, new profile?" (new Error("", "(unknown module)"))
1621403878947	Marionette	INFO	Listening on port 57003
1621403879348	Marionette	WARN	TLS certificate errors will be ignored for this session
JavaScript warning: https://web.whatsapp.com/bootstrap_qr.21cdeb5afaacd0e5706a.js, line 1: unreachable code after return statement
JavaScript warning: https://web.whatsapp.com/bootstrap_qr.21cdeb5afaacd0e5706a.js, line 1: unreachable code after return statement
1621409587332	geckodriver	INFO	Listening on 127.0.0.1:64094
1621409590407	mozrunner::runner	INFO	Running command: "C:\\Program Files\\Mozilla Firefox\\firefox.exe" "--marionette" "-headless" "-foreground" "-no-remote" "-profile" "C:\\Users\\LENOVO\\AppData\\Local\\Temp\\rust_mozprofileV0osmI"
*** You are running in headless mode.
1621409590979	Marionette	INFO	Marionette enabled
JavaScript error: resource://gre/modules/XULStore.jsm, line 66: Error: Can't find profile directory.
console.warn: SearchSettings: "get: No settings file exists, new profile?" (new Error("", "(unknown module)"))
1621409592665	Marionette	INFO	Listening on port 64102
1621409593124	Marionette	WARN	TLS certificate errors will be ignored for this session
1621409669413	geckodriver	INFO	Listening on 127.0.0.1:64210
1621409672493	mozrunner::runner	INFO	Running command: "C:\\Program Files\\Mozilla Firefox\\firefox.exe" "--marionette" "-headless" "-foreground" "-no-remote" "-profile" "C:\\Users\\LENOVO\\AppData\\Local\\Temp\\rust_mozprofileygipjw"
*** You are running in headless mode.
1621409672962	Marionette	INFO	Marionette enabled
JavaScript error: resource://gre/modules/XULStore.jsm, line 66: Error: Can't find profile directory.
console.warn: SearchSettings: "get: No settings file exists, new profile?" (new Error("", "(unknown module)"))
1621409674698	Marionette	INFO	Listening on port 64218
1621409675166	Marionette	WARN	TLS certificate errors will be ignored for this session
JavaScript warning: https://web.whatsapp.com/bootstrap_qr.21cdeb5afaacd0e5706a.js, line 1: unreachable code after return statement
JavaScript warning: https://web.whatsapp.com/bootstrap_qr.21cdeb5afaacd0e5706a.js, line 1: unreachable code after return statement
1621409848623	geckodriver	INFO	Listening on 127.0.0.1:64279
1621409851693	mozrunner::runner	INFO	Running command: "C:\\Program Files\\Mozilla Firefox\\firefox.exe" "--marionette" "-headless" "-foreground" "-no-remote" "-profile" "C:\\Users\\LENOVO\\AppData\\Local\\Temp\\rust_mozprofilelY3M86"
*** You are running in headless mode.
1621409852162	Marionette	INFO	Marionette enabled
JavaScript error: resource://gre/modules/XULStore.jsm, line 66: Error: Can't find profile directory.
console.warn: SearchSettings: "get: No settings file exists, new profile?" (new Error("", "(unknown module)"))
1621409853475	Marionette	INFO	Listening on port 64287
1621409853768	Marionette	WARN	TLS certificate errors will be ignored for this session
JavaScript warning: https://web.whatsapp.com/bootstrap_qr.21cdeb5afaacd0e5706a.js, line 1: unreachable code after return statement
JavaScript warning: https://web.whatsapp.com/bootstrap_qr.21cdeb5afaacd0e5706a.js, line 1: unreachable code after return statement

###!!! [Parent][RunMessage] Error: Channel closing: too late to send/recv, messages will be lost


###!!! [Parent][RunMessage] Error: Channel closing: too late to send/recv, messages will be lost


###!!! [Parent][RunMessage] Error: Channel closing: too late to send/recv, messages will be lost


###!!! [Parent][RunMessage] Error: Channel closing: too late to send/recv, messages will be lost

1621410104268	geckodriver	INFO	Listening on 127.0.0.1:64495
1621410107338	mozrunner::runner	INFO	Running command: "C:\\Program Files\\Mozilla Firefox\\firefox.exe" "--marionette" "-headless" "-foreground" "-no-remote" "-profile" "C:\\Users\\LENOVO\\AppData\\Local\\Temp\\rust_mozprofileOPMiWo"
*** You are running in headless mode.
1621410107782	Marionette	INFO	Marionette enabled
JavaScript error: resource://gre/modules/XULStore.jsm, line 66: Error: Can't find profile directory.
console.warn: SearchSettings: "get: No settings file exists, new profile?" (new Error("", "(unknown module)"))
1621410109578	Marionette	INFO	Listening on port 64503
1621410110041	Marionette	WARN	TLS certificate errors will be ignored for this session
JavaScript warning: https://web.whatsapp.com/bootstrap_qr.21cdeb5afaacd0e5706a.js, line 1: unreachable code after return statement
JavaScript warning: https://web.whatsapp.com/bootstrap_qr.21cdeb5afaacd0e5706a.js, line 1: unreachable code after return statement
1621410244122	geckodriver	INFO	Listening on 127.0.0.1:64588
1621410247157	mozrunner::runner	INFO	Running command: "C:\\Program Files\\Mozilla Firefox\\firefox.exe" "--marionette" "-headless" "-foreground" "-no-remote" "-profile" "C:\\Users\\LENOVO\\AppData\\Local\\Temp\\rust_mozprofileff4pbd"
*** You are running in headless mode.
1621410247728	Marionette	INFO	Marionette enabled
JavaScript error: resource://gre/modules/XULStore.jsm, line 66: Error: Can't find profile directory.
console.warn: SearchSettings: "get: No settings file exists, new profile?" (new Error("", "(unknown module)"))
1621410249511	Marionette	INFO	Listening on port 64599
1621410249838	Marionette	WARN	TLS certificate errors will be ignored for this session
JavaScript warning: https://web.whatsapp.com/bootstrap_qr.21cdeb5afaacd0e5706a.js, line 1: unreachable code after return statement
JavaScript warning: https://web.whatsapp.com/bootstrap_qr.21cdeb5afaacd0e5706a.js, line 1: unreachable code after return statement

###!!! [Parent][MessageChannel] Error: (msgtype=0x690008,name=PMessagePort::Msg___delete__) Channel closing: too late to send/recv, messages will be lost


###!!! [Parent][RunMessage] Error: Channel closing: too late to send/recv, messages will be lost


###!!! [Parent][RunMessage] Error: Channel closing: too late to send/recv, messages will be lost


###!!! [Parent][RunMessage] Error: Channel closing: too late to send/recv, messages will be lost


###!!! [Parent][RunMessage] Error: Channel closing: too late to send/recv, messages will be lost

1621412327939	geckodriver	INFO	Listening on 127.0.0.1:65045
1621412330989	mozrunner::runner	INFO	Running command: "C:\\Program Files\\Mozilla Firefox\\firefox.exe" "--marionette" "-headless" "-foreground" "-no-remote" "-profile" "C:\\Users\\LENOVO\\AppData\\Local\\Temp\\rust_mozprofileymBuc8"
*** You are running in headless mode.
1621412331418	Marionette	INFO	Marionette enabled
JavaScript error: resource://gre/modules/XULStore.jsm, line 66: Error: Can't find profile directory.
console.warn: SearchSettings: "get: No settings file exists, new profile?" (new Error("", "(unknown module)"))
1621412332608	Marionette	INFO	Listening on port 65053
1621412333045	Marionette	WARN	TLS certificate errors will be ignored for this session
JavaScript warning: https://web.whatsapp.com/bootstrap_qr.21cdeb5afaacd0e5706a.js, line 1: unreachable code after return statement
JavaScript warning: https://web.whatsapp.com/bootstrap_qr.21cdeb5afaacd0e5706a.js, line 1: unreachable code after return statement
[Parent 13860, IPC I/O Parent] WARNING: pipe error: 232: file /builds/worker/checkouts/gecko/ipc/chromium/src/chrome/common/ipc_channel_win.cc:544
[Parent 13860, IPC I/O Parent] WARNING: pipe error: 232: file /builds/worker/checkouts/gecko/ipc/chromium/src/chrome/common/ipc_channel_win.cc:544
1621413743206	geckodriver	INFO	Listening on 127.0.0.1:65343
1621413746307	mozrunner::runner	INFO	Running command: "C:\\Program Files\\Mozilla Firefox\\firefox.exe" "--marionette" "-headless" "-foreground" "-no-remote" "-profile" "C:\\Users\\LENOVO\\AppData\\Local\\Temp\\rust_mozprofileA0NrWU"
*** You are running in headless mode.
1621413746767	Marionette	INFO	Marionette enabled
JavaScript error: resource://gre/modules/XULStore.jsm, line 66: Error: Can't find profile directory.
console.warn: SearchSettings: "get: No settings file exists, new profile?" (new Error("", "(unknown module)"))
1621413747944	Marionette	INFO	Listening on port 65351
1621413748369	Marionette	WARN	TLS certificate errors will be ignored for this session
JavaScript warning: https://web.whatsapp.com/bootstrap_qr.21cdeb5afaacd0e5706a.js, line 1: unreachable code after return statement
JavaScript warning: https://web.whatsapp.com/bootstrap_qr.21cdeb5afaacd0e5706a.js, line 1: unreachable code after return statement

###!!! [Parent][RunMessage] Error: Channel closing: too late to send/recv, messages will be lost


###!!! [Parent][RunMessage] Error: Channel closing: too late to send/recv, messages will be lost


###!!! [Parent][RunMessage] Error: Channel closing: too late to send/recv, messages will be lost


###!!! [Parent][RunMessage] Error: Channel closing: too late to send/recv, messages will be lost


###!!! [Parent][RunMessage] Error: Channel closing: too late to send/recv, messages will be lost


###!!! [Parent][RunMessage] Error: Channel closing: too late to send/recv, messages will be lost


###!!! [Parent][RunMessage] Error: Channel closing: too late to send/recv, messages will be lost


###!!! [Parent][RunMessage] Error: Channel closing: too late to send/recv, messages will be lost

1621413866796	geckodriver	INFO	Listening on 127.0.0.1:65421
1621413869857	mozrunner::runner	INFO	Running command: "C:\\Program Files\\Mozilla Firefox\\firefox.exe" "--marionette" "-headless" "-foreground" "-no-remote" "-profile" "C:\\Users\\LENOVO\\AppData\\Local\\Temp\\rust_mozprofileId5d20"
*** You are running in headless mode.
1621413870251	Marionette	INFO	Marionette enabled
JavaScript error: resource://gre/modules/XULStore.jsm, line 66: Error: Can't find profile directory.
console.warn: SearchSettings: "get: No settings file exists, new profile?" (new Error("", "(unknown module)"))
1621413871502	Marionette	INFO	Listening on port 65429
1621413871940	Marionette	WARN	TLS certificate errors will be ignored for this session
JavaScript warning: https://web.whatsapp.com/bootstrap_qr.21cdeb5afaacd0e5706a.js, line 1: unreachable code after return statement
JavaScript warning: https://web.whatsapp.com/bootstrap_qr.21cdeb5afaacd0e5706a.js, line 1: unreachable code after return statement
1621413953896	geckodriver	INFO	Listening on 127.0.0.1:65497
1621413956956	mozrunner::runner	INFO	Running command: "C:\\Program Files\\Mozilla Firefox\\firefox.exe" "--marionette" "-headless" "-foreground" "-no-remote" "-profile" "C:\\Users\\LENOVO\\AppData\\Local\\Temp\\rust_mozprofile69OXbM"
*** You are running in headless mode.
1621413957348	Marionette	INFO	Marionette enabled
JavaScript error: resource://gre/modules/XULStore.jsm, line 66: Error: Can't find profile directory.
console.warn: SearchSettings: "get: No settings file exists, new profile?" (new Error("", "(unknown module)"))
1621413958736	Marionette	INFO	Listening on port 65505
1621413959039	Marionette	WARN	TLS certificate errors will be ignored for this session
JavaScript warning: https://web.whatsapp.com/bootstrap_qr.21cdeb5afaacd0e5706a.js, line 1: unreachable code after return statement
JavaScript warning: https://web.whatsapp.com/bootstrap_qr.21cdeb5afaacd0e5706a.js, line 1: unreachable code after return statement
1621414059123	geckodriver	INFO	Listening on 127.0.0.1:49211
1621414062153	mozrunner::runner	INFO	Running command: "C:\\Program Files\\Mozilla Firefox\\firefox.exe" "--marionette" "-headless" "-foreground" "-no-remote" "-profile" "C:\\Users\\LENOVO\\AppData\\Local\\Temp\\rust_mozprofilepH959U"
*** You are running in headless mode.
1621414062612	Marionette	INFO	Marionette enabled
JavaScript error: resource://gre/modules/XULStore.jsm, line 66: Error: Can't find profile directory.
console.warn: SearchSettings: "get: No settings file exists, new profile?" (new Error("", "(unknown module)"))
1621414064053	Marionette	INFO	Listening on port 49219
1621414064203	Marionette	WARN	TLS certificate errors will be ignored for this session
JavaScript warning: https://web.whatsapp.com/bootstrap_qr.21cdeb5afaacd0e5706a.js, line 1: unreachable code after return statement
JavaScript warning: https://web.whatsapp.com/bootstrap_qr.21cdeb5afaacd0e5706a.js, line 1: unreachable code after return statement
1621414146173	geckodriver	INFO	Listening on 127.0.0.1:49287
1621414149243	mozrunner::runner	INFO	Running command: "C:\\Program Files\\Mozilla Firefox\\firefox.exe" "--marionette" "-headless" "-foreground" "-no-remote" "-profile" "C:\\Users\\LENOVO\\AppData\\Local\\Temp\\rust_mozprofileoqQuT8"
*** You are running in headless mode.
1621414149637	Marionette	INFO	Marionette enabled
JavaScript error: resource://gre/modules/XULStore.jsm, line 66: Error: Can't find profile directory.
console.warn: SearchSettings: "get: No settings file exists, new profile?" (new Error("", "(unknown module)"))
1621414150907	Marionette	INFO	Listening on port 49296
1621414151308	Marionette	WARN	TLS certificate errors will be ignored for this session
JavaScript warning: https://web.whatsapp.com/bootstrap_qr.21cdeb5afaacd0e5706a.js, line 1: unreachable code after return statement
JavaScript warning: https://web.whatsapp.com/bootstrap_qr.21cdeb5afaacd0e5706a.js, line 1: unreachable code after return statement

###!!! [Parent][MessageChannel] Error: (msgtype=0x690008,name=PMessagePort::Msg___delete__) Channel closing: too late to send/recv, messages will be lost


###!!! [Parent][RunMessage] Error: Channel closing: too late to send/recv, messages will be lost

1621414795186	geckodriver	INFO	Listening on 127.0.0.1:49450
1621414798286	mozrunner::runner	INFO	Running command: "C:\\Program Files\\Mozilla Firefox\\firefox.exe" "--marionette" "-headless" "-foreground" "-no-remote" "-profile" "C:\\Users\\LENOVO\\AppData\\Local\\Temp\\rust_mozprofileRFvblH"
*** You are running in headless mode.
1621414798742	Marionette	INFO	Marionette enabled
JavaScript error: resource://gre/modules/XULStore.jsm, line 66: Error: Can't find profile directory.
console.warn: SearchSettings: "get: No settings file exists, new profile?" (new Error("", "(unknown module)"))
1621414800092	Marionette	INFO	Listening on port 49458
1621414800364	Marionette	WARN	TLS certificate errors will be ignored for this session
JavaScript warning: https://web.whatsapp.com/bootstrap_qr.21cdeb5afaacd0e5706a.js, line 1: unreachable code after return statement
JavaScript warning: https://web.whatsapp.com/bootstrap_qr.21cdeb5afaacd0e5706a.js, line 1: unreachable code after return statement

###!!! [Parent][MessageChannel] Error: (msgtype=0x690008,name=PMessagePort::Msg___delete__) Channel closing: too late to send/recv, messages will be lost


###!!! [Parent][RunMessage] Error: Channel closing: too late to send/recv, messages will be lost


###!!! [Parent][RunMessage] Error: Channel closing: too late to send/recv, messages will be lost


###!!! [Parent][RunMessage] Error: Channel closing: too late to send/recv, messages will be lost


###!!! [Parent][RunMessage] Error: Channel closing: too late to send/recv, messages will be lost


###!!! [Parent][RunMessage] Error: Channel closing: too late to send/recv, messages will be lost


###!!! [Parent][RunMessage] Error: Channel closing: too late to send/recv, messages will be lost


###!!! [Parent][RunMessage] Error: Channel closing: too late to send/recv, messages will be lost

1621415250994	geckodriver	INFO	Listening on 127.0.0.1:49655
1621415254056	mozrunner::runner	INFO	Running command: "C:\\Program Files\\Mozilla Firefox\\firefox.exe" "--marionette" "-headless" "-foreground" "-no-remote" "-profile" "C:\\Users\\LENOVO\\AppData\\Local\\Temp\\rust_mozprofileDLhxbA"
*** You are running in headless mode.
1621415254542	Marionette	INFO	Marionette enabled
JavaScript error: resource://gre/modules/XULStore.jsm, line 66: Error: Can't find profile directory.
console.warn: SearchSettings: "get: No settings file exists, new profile?" (new Error("", "(unknown module)"))
1621415256260	Marionette	INFO	Listening on port 49679
1621415256742	Marionette	WARN	TLS certificate errors will be ignored for this session
JavaScript warning: https://web.whatsapp.com/bootstrap_qr.21cdeb5afaacd0e5706a.js, line 1: unreachable code after return statement
JavaScript warning: https://web.whatsapp.com/bootstrap_qr.21cdeb5afaacd0e5706a.js, line 1: unreachable code after return statement
1621415405687	geckodriver	INFO	Listening on 127.0.0.1:49759
1621415408777	mozrunner::runner	INFO	Running command: "C:\\Program Files\\Mozilla Firefox\\firefox.exe" "--marionette" "-headless" "-foreground" "-no-remote" "-profile" "C:\\Users\\LENOVO\\AppData\\Local\\Temp\\rust_mozprofilebX0iBi"
*** You are running in headless mode.
1621415409316	Marionette	INFO	Marionette enabled
JavaScript error: resource://gre/modules/XULStore.jsm, line 66: Error: Can't find profile directory.
console.warn: SearchSettings: "get: No settings file exists, new profile?" (new Error("", "(unknown module)"))
1621415410636	Marionette	INFO	Listening on port 49767
1621415410844	Marionette	WARN	TLS certificate errors will be ignored for this session
JavaScript warning: https://web.whatsapp.com/bootstrap_qr.21cdeb5afaacd0e5706a.js, line 1: unreachable code after return statement
JavaScript warning: https://web.whatsapp.com/bootstrap_qr.21cdeb5afaacd0e5706a.js, line 1: unreachable code after return statement
1621415531937	geckodriver	INFO	Listening on 127.0.0.1:49848
1621415534987	mozrunner::runner	INFO	Running command: "C:\\Program Files\\Mozilla Firefox\\firefox.exe" "--marionette" "-headless" "-foreground" "-no-remote" "-profile" "C:\\Users\\LENOVO\\AppData\\Local\\Temp\\rust_mozprofileMIzxeY"
*** You are running in headless mode.
1621415535387	Marionette	INFO	Marionette enabled
JavaScript error: resource://gre/modules/XULStore.jsm, line 66: Error: Can't find profile directory.
console.warn: SearchSettings: "get: No settings file exists, new profile?" (new Error("", "(unknown module)"))
1621415536683	Marionette	INFO	Listening on port 49858
1621415537222	Marionette	WARN	TLS certificate errors will be ignored for this session
JavaScript warning: https://web.whatsapp.com/bootstrap_qr.21cdeb5afaacd0e5706a.js, line 1: unreachable code after return statement
JavaScript warning: https://web.whatsapp.com/bootstrap_qr.21cdeb5afaacd0e5706a.js, line 1: unreachable code after return statement
1621415738744	geckodriver	INFO	Listening on 127.0.0.1:49992
1621415741826	mozrunner::runner	INFO	Running command: "C:\\Program Files\\Mozilla Firefox\\firefox.exe" "--marionette" "-headless" "-foreground" "-no-remote" "-profile" "C:\\Users\\LENOVO\\AppData\\Local\\Temp\\rust_mozprofileqZtj9Q"
*** You are running in headless mode.
1621415742317	Marionette	INFO	Marionette enabled
JavaScript error: resource://gre/modules/XULStore.jsm, line 66: Error: Can't find profile directory.
console.warn: SearchSettings: "get: No settings file exists, new profile?" (new Error("", "(unknown module)"))
1621415743727	Marionette	INFO	Listening on port 50001
1621415743905	Marionette	WARN	TLS certificate errors will be ignored for this session
JavaScript warning: https://web.whatsapp.com/bootstrap_qr.21cdeb5afaacd0e5706a.js, line 1: unreachable code after return statement
JavaScript warning: https://web.whatsapp.com/bootstrap_qr.21cdeb5afaacd0e5706a.js, line 1: unreachable code after return statement
1621415797606	geckodriver	INFO	Listening on 127.0.0.1:50077
1621415800616	mozrunner::runner	INFO	Running command: "C:\\Program Files\\Mozilla Firefox\\firefox.exe" "--marionette" "-headless" "-foreground" "-no-remote" "-profile" "C:\\Users\\LENOVO\\AppData\\Local\\Temp\\rust_mozprofileUDE7vB"
*** You are running in headless mode.
1621415801051	Marionette	INFO	Marionette enabled
JavaScript error: resource://gre/modules/XULStore.jsm, line 66: Error: Can't find profile directory.
console.warn: SearchSettings: "get: No settings file exists, new profile?" (new Error("", "(unknown module)"))
1621415802427	Marionette	INFO	Listening on port 50087
1621415802660	Marionette	WARN	TLS certificate errors will be ignored for this session
JavaScript warning: https://web.whatsapp.com/bootstrap_qr.21cdeb5afaacd0e5706a.js, line 1: unreachable code after return statement
JavaScript warning: https://web.whatsapp.com/bootstrap_qr.21cdeb5afaacd0e5706a.js, line 1: unreachable code after return statement

###!!! [Parent][RunMessage] Error: Channel closing: too late to send/recv, messages will be lost


###!!! [Parent][RunMessage] Error: Channel closing: too late to send/recv, messages will be lost


###!!! [Parent][RunMessage] Error: Channel closing: too late to send/recv, messages will be lost

[Parent 25536, IPC I/O Parent] WARNING: pipe error: 232: file /builds/worker/checkouts/gecko/ipc/chromium/src/chrome/common/ipc_channel_win.cc:544
1621415902295	geckodriver	INFO	Listening on 127.0.0.1:50180
1621415905371	mozrunner::runner	INFO	Running command: "C:\\Program Files\\Mozilla Firefox\\firefox.exe" "--marionette" "-headless" "-foreground" "-no-remote" "-profile" "C:\\Users\\LENOVO\\AppData\\Local\\Temp\\rust_mozprofile5OXxjV"
*** You are running in headless mode.
1621415905766	Marionette	INFO	Marionette enabled
JavaScript error: resource://gre/modules/XULStore.jsm, line 66: Error: Can't find profile directory.
console.warn: SearchSettings: "get: No settings file exists, new profile?" (new Error("", "(unknown module)"))
1621415906903	Marionette	INFO	Listening on port 50188
1621415907405	Marionette	WARN	TLS certificate errors will be ignored for this session
JavaScript warning: https://web.whatsapp.com/bootstrap_qr.21cdeb5afaacd0e5706a.js, line 1: unreachable code after return statement
JavaScript warning: https://web.whatsapp.com/bootstrap_qr.21cdeb5afaacd0e5706a.js, line 1: unreachable code after return statement
1621425046546	geckodriver	INFO	Listening on 127.0.0.1:50903
1621425049687	mozrunner::runner	INFO	Running command: "C:\\Program Files\\Mozilla Firefox\\firefox.exe" "--marionette" "-headless" "-foreground" "-no-remote" "-profile" "C:\\Users\\LENOVO\\AppData\\Local\\Temp\\rust_mozprofile5oKEpC"
*** You are running in headless mode.
1621425050154	Marionette	INFO	Marionette enabled
JavaScript error: resource://gre/modules/XULStore.jsm, line 66: Error: Can't find profile directory.
console.warn: SearchSettings: "get: No settings file exists, new profile?" (new Error("", "(unknown module)"))
1621425051272	Marionette	INFO	Listening on port 50911
1621425051726	Marionette	WARN	TLS certificate errors will be ignored for this session
JavaScript warning: https://web.whatsapp.com/bootstrap_qr.21cdeb5afaacd0e5706a.js, line 1: unreachable code after return statement
JavaScript warning: https://web.whatsapp.com/bootstrap_qr.21cdeb5afaacd0e5706a.js, line 1: unreachable code after return statement
Exiting due to channel error.
Listening on 127.0.0.1:51474
1621426081723	mozrunner::runner	INFO	Running command: "C:\\Program Files\\Mozilla Firefox\\firefox.exe" "--marionette" "-headless" "-foreground" "-no-remote" "-profile" "C:\\Users\\LENOVO\\AppData\\Local\\Temp\\rust_mozprofileF0XpJq"
*** You are running in headless mode.
1621426082158	Marionette	INFO	Marionette enabled
JavaScript error: resource://gre/modules/XULStore.jsm, line 66: Error: Can't find profile directory.
console.warn: SearchSettings: "get: No settings file exists, new profile?" (new Error("", "(unknown module)"))
1621426083309	Marionette	INFO	Listening on port 51484
1621426083757	Marionette	WARN	TLS certificate errors will be ignored for this session
JavaScript warning: https://web.whatsapp.com/bootstrap_qr.21cdeb5afaacd0e5706a.js, line 1: unreachable code after return statement
JavaScript warning: https://web.whatsapp.com/bootstrap_qr.21cdeb5afaacd0e5706a.js, line 1: unreachable code after return statement
[Parent 2264, IPC I/O Parent] WARNING: pipe error: 232: file /builds/worker/checkouts/gecko/ipc/chromium/src/chrome/common/ipc_channel_win.cc:544
Exiting due to channel error.
Listening on 127.0.0.1:51572
1621426347247	mozrunner::runner	INFO	Running command: "C:\\Program Files\\Mozilla Firefox\\firefox.exe" "--marionette" "-headless" "-foreground" "-no-remote" "-profile" "C:\\Users\\LENOVO\\AppData\\Local\\Temp\\rust_mozprofileXp3cav"
*** You are running in headless mode.
1621426347768	Marionette	INFO	Marionette enabled
JavaScript error: resource://gre/modules/XULStore.jsm, line 66: Error: Can't find profile directory.
console.warn: SearchSettings: "get: No settings file exists, new profile?" (new Error("", "(unknown module)"))
1621426349183	Marionette	INFO	Listening on port 51580
1621426349281	Marionette	WARN	TLS certificate errors will be ignored for this session
JavaScript warning: https://web.whatsapp.com/bootstrap_qr.21cdeb5afaacd0e5706a.js, line 1: unreachable code after return statement
JavaScript warning: https://web.whatsapp.com/bootstrap_qr.21cdeb5afaacd0e5706a.js, line 1: unreachable code after return statement
1621426426606	geckodriver	INFO	Listening on 127.0.0.1:51651
1621426429645	mozrunner::runner	INFO	Running command: "C:\\Program Files\\Mozilla Firefox\\firefox.exe" "--marionette" "-headless" "-foreground" "-no-remote" "-profile" "C:\\Users\\LENOVO\\AppData\\Local\\Temp\\rust_mozprofileCbvhwS"
*** You are running in headless mode.
1621426430047	Marionette	INFO	Marionette enabled
JavaScript error: resource://gre/modules/XULStore.jsm, line 66: Error: Can't find profile directory.
console.warn: SearchSettings: "get: No settings file exists, new profile?" (new Error("", "(unknown module)"))
1621426431202	Marionette	INFO	Listening on port 51659
1621426431681	Marionette	WARN	TLS certificate errors will be ignored for this session
JavaScript warning: https://web.whatsapp.com/bootstrap_qr.21cdeb5afaacd0e5706a.js, line 1: unreachable code after return statement
JavaScript warning: https://web.whatsapp.com/bootstrap_qr.21cdeb5afaacd0e5706a.js, line 1: unreachable code after return statement
Exiting due to channel error.
Listening on 127.0.0.1:51734
1621426495023	mozrunner::runner	INFO	Running command: "C:\\Program Files\\Mozilla Firefox\\firefox.exe" "--marionette" "-foreground" "-no-remote" "-profile" "C:\\Users\\LENOVO\\AppData\\Local\\Temp\\rust_mozprofileCWDx3K"
1621426495465	Marionette	INFO	Marionette enabled
JavaScript error: resource://gre/modules/XULStore.jsm, line 66: Error: Can't find profile directory.
console.warn: SearchSettings: "get: No settings file exists, new profile?" (new Error("", "(unknown module)"))
1621426497742	Marionette	INFO	Listening on port 51743
1621426498181	Marionette	WARN	TLS certificate errors will be ignored for this session
JavaScript warning: https://web.whatsapp.com/bootstrap_qr.21cdeb5afaacd0e5706a.js, line 1: unreachable code after return statement
JavaScript warning: https://web.whatsapp.com/bootstrap_qr.21cdeb5afaacd0e5706a.js, line 1: unreachable code after return statement
[Parent 16100, IPC I/O Parent] WARNING: pipe error: 232: file /builds/worker/checkouts/gecko/ipc/chromium/src/chrome/common/ipc_channel_win.cc:544

###!!! [Parent][MessageChannel] Error: (msgtype=0x690008,name=PMessagePort::Msg___delete__) Channel closing: too late to send/recv, messages will be lost


###!!! [Parent][RunMessage] Error: Channel closing: too late to send/recv, messages will be lost


###!!! [Parent][RunMessage] Error: Channel closing: too late to send/recv, messages will be lost

console.error: (new TypeError("parent is null", "resource://devtools/client/inspector/shared/style-change-tracker.js", 67))
TypeError: parent is null: canMutationImpactCurrentStyles@resource://devtools/client/inspector/shared/style-change-tracker.js:67:24
onMutations@resource://devtools/client/inspector/shared/style-change-tracker.js:84:41
_emit@resource://devtools/shared/event-emitter.js:226:34
emit@resource://devtools/shared/event-emitter.js:172:18
emit@resource://devtools/shared/event-emitter.js:324:18
getMutations@resource://devtools/client/fronts/walker.js:358:10

console.error: (new TypeError("container.node.targetFront is null", "resource://devtools/client/inspector/markup/markup.js", 2310))
console.error: (new TypeError("container.node.targetFront is null", "resource://devtools/client/inspector/markup/markup.js", 2310))
console.error: (new TypeError("container.node.targetFront is null", "resource://devtools/client/inspec[Parent 17380, IPC I/O Parent] WARNING: pipe error: 232: file /builds/worker/checkouts/gecko/ipc/chromium/src/chrome/common/ipc_channel_win.cc:544
1621427886776	Marionette	INFO	Stopped listening on port 51893

###!!! [Child][RunMessage] Error: Channel closing: too late to send/recv, messages will be lost

will be lost

1621427193168	geckodriver	INFO	Listening on 127.0.0.1:52001
1621427196225	mozrunner::runner	INFO	Running command: "C:\\Program Files\\Mozilla Firefox\\firefox.exe" "--marionette" "-foreground" "-no-remote" "-profile" "C:\\Users\\LENOVO\\AppData\\Local\\Temp\\rust_mozprofile2hhnsd"
1621427196653	Marionette	INFO	Marionette enabled
JavaScript error: resource://gre/modules/XULStore.jsm, line 66: Error: Can't find profile directory.
console.warn: SearchSettings: "get: No settings file exists, new profile?" (new Error("", "(unknown module)"))
1621427198688	Marionette	INFO	Listening on port 52010
1621427198879	Marionette	WARN	TLS certificate errors will be ignored for this session
JavaScript warning: https://web.whatsapp.com/bootstrap_qr.21cdeb5afaacd0e5706a.js, line 1: unreachable code after return statement
JavaScript warning: https://web.whatsapp.com/bootstrap_qr.21cdeb5afaacd0e5706a.js, line 1: unreachable code after return statement

###!!! [Parent][RunMessage] Error: Channel closing: too late to send/recv, messages will be lost


###!!! [Parent][RunMessage] Error: Channel closing: too late to send/recv, messages will be lost


###!!! [Parent][RunMessage] Error: Channel closing: too late to send/recv, messages will be lost


###!!! [Parent][RunMessage] Error: Channel closing: too late to send/recv, messages will be lost


###!!! [Parent][RunMessage] Error: Channel closing: too late to send/recv, messages will be lost


###!!! [Parent][RunMessage] Error: Channel closing: too late to send/recv, messages will be lost

1621428150971	Marionette	INFO	Stopped listening on port 52010

###!!! [Child][RunMessage] Error: Channel closing: too late to send/recv, messages will be lost

1621428161615	geckodriver	INFO	Listening on 127.0.0.1:52466
1621428164646	mozrunner::runner	INFO	Running command: "C:\\Program Files\\Mozilla Firefox\\firefox.exe" "--marionette" "-foreground" "-no-remote" "-profile" "C:\\Users\\LENOVO\\AppData\\Local\\Temp\\rust_mozprofileYJImke"
1621428165072	Marionette	INFO	Marionette enabled
JavaScript error: resource://gre/modules/XULStore.jsm, line 66: Error: Can't find profile directory.
console.warn: SearchSettings: "get: No settings file exists, new profile?" (new Error("", "(unknown module)"))
1621428167315	Marionette	INFO	Listening on port 52474
1621428167800	Marionette	WARN	TLS certificate errors will be ignored for this session
JavaScript warning: https://web.whatsapp.com/bootstrap_qr.21cdeb5afaacd0e5706a.js, line 1: unreachable code after return statement
JavaScript warning: https://web.whatsapp.com/bootstrap_qr.21cdeb5afaacd0e5706a.js, line 1: unreachable code after return statement

###!!! [Parent][RunMessage] Error: Channel closing: too late to send/recv, messages will be lost


###!!! [Parent][RunMessage] Error: Channel closing: too late to send/recv, messages will be lost


###!!! [Parent][RunMessage] Error: Channel closing: too late to send/recv, messages will be lost


###!!! [Parent][RunMessage] Error: Channel closing: too late to send/recv, messages will be lost


###!!! [Parent][RunMessage] Error: Channel closing: too late to send/recv, messages will be lost


###!!! [Parent][RunMessage] Error: Channel closing: too late to send/recv, messages will be lost

1621428887412	Marionette	INFO	Stopped listening on port 52474

###!!! [Child][RunMessage] Error: Channel closing: too late to send/recv, messages will be lost

1621428891693	geckodriver	INFO	Listening on 127.0.0.1:52606
1621428894761	mozrunner::runner	INFO	Running command: "C:\\Program Files\\Mozilla Firefox\\firefox.exe" "--marionette" "-foreground" "-no-remote" "-profile" "C:\\Users\\LENOVO\\AppData\\Local\\Temp\\rust_mozprofilekFjmAl"
1621428895192	Marionette	INFO	Marionette enabled
JavaScript error: resource://gre/modules/XULStore.jsm, line 66: Error: Can't find profile directory.
console.warn: SearchSettings: "get: No settings file exists, new profile?" (new Error("", "(unknown module)"))
1621428897456	Marionette	INFO	Listening on port 52614
1621428897945	Marionette	WARN	TLS certificate errors will be ignored for this session
JavaScript warning: https://web.whatsapp.com/bootstrap_qr.21cdeb5afaacd0e5706a.js, line 1: unreachable code after return statement
JavaScript warning: https://web.whatsapp.com/bootstrap_qr.21cdeb5afaacd0e5706a.js, line 1: unreachable code after return statement

###!!! [Parent][RunMessage] Error: Channel closing: too late to send/recv, messages will be lost


###!!! [Parent][RunMessage] Error: Channel closing: too late to send/recv, messages will be lost


###!!! [Parent][RunMessage] Error: Channel closing: too late to send/recv, messages will be lost


###!!! [Parent][RunMessage] Error: Channel closing: too late to send/recv, messages will be lost


###!!! [Parent][RunMessage] Error: Channel closing: too late to send/recv, messages will be lost


###!!! [Parent][RunMessage] Error: Channel closing: too late to send/recv, messages will be lost


###!!! [Parent][RunMessage] Error: Channel closing: too late to send/recv, messages will be lost

1621429206112	Marionette	INFO	Stopped listening on port 52614

###!!! [Child][RunMessage] Error: Channel closing: too late to send/recv, messages will be lost

1621429458948	geckodriver	INFO	Listening on 127.0.0.1:52784
1621429462002	mozrunner::runner	INFO	Running command: "C:\\Program Files\\Mozilla Firefox\\firefox.exe" "--marionette" "-foreground" "-no-remote" "-profile" "C:\\Users\\LENOVO\\AppData\\Local\\Temp\\rust_mozprofileKdboAH"
1621429462442	Marionette	INFO	Marionette enabled
JavaScript error: resource://gre/modules/XULStore.jsm, line 66: Error: Can't find profile directory.
console.warn: SearchSettings: "get: No settings file exists, new profile?" (new Error("", "(unknown module)"))
1621429464645	Marionette	INFO	Listening on port 52793
1621429465155	Marionette	WARN	TLS certificate errors will be ignored for this session
JavaScript warning: https://web.whatsapp.com/bootstrap_qr.21cdeb5afaacd0e5706a.js, line 1: unreachable code after return statement
JavaScript warning: https://web.whatsapp.com/bootstrap_qr.21cdeb5afaacd0e5706a.js, line 1: unreachable code after return statement
1621429780565	Marionette	INFO	Stopped listening on port 52793

###!!! [Child][RunMessage] Error: Channel closing: too late to send/recv, messages will be lost

1621484520378	geckodriver	INFO	Listening on 127.0.0.1:49874
1621484523521	mozrunner::runner	INFO	Running command: "C:\\Program Files\\Mozilla Firefox\\firefox.exe" "--marionette" "-foreground" "-no-remote" "-profile" "C:\\Users\\LENOVO\\AppData\\Local\\Temp\\rust_mozprofileF0XYAI"
1621484524047	Marionette	INFO	Marionette enabled
JavaScript error: resource://gre/modules/XULStore.jsm, line 66: Error: Can't find profile directory.
console.warn: SearchSettings: "get: No settings file exists, new profile?" (new Error("", "(unknown module)"))
1621484526314	Marionette	INFO	Listening on port 49882
1621484526728	Marionette	WARN	TLS certificate errors will be ignored for this session
JavaScript warning: https://web.whatsapp.com/bootstrap_qr.3ee97e011a14353fd537.js, line 1: unreachable code after return statement
JavaScript warning: https://web.whatsapp.com/bootstrap_qr.3ee97e011a14353fd537.js, line 1: unreachable code after return statement
1621486037609	Marionette	INFO	Stopped listening on port 49882

###!!! [Child][RunMessage] Error: Channel closing: too late to send/recv, messages will be lost

"--marionette" "-foreground" "-no-remote" "-profile" "C:\\Users\\LENOVO\\AppData\\Local\\Temp\\rust_mozprofile6JR0Fh"
1621485718736	Marionette	INFO	Marionette enabled
JavaScript error: resource://gre/modules/XULStore.jsm, line 66: Error: Can't find profile directory.
console.warn: SearchSettings: "get: No settings file exists, new profile?" (new Error("", "(unknown module)"))
1621485723019	Marionette	INFO	Listening on port 50117
1621485723259	Marionette	WARN	TLS certificate errors will be ignored for this session
JavaScript warning: https://web.whatsapp.com/bootstrap_qr.3ee97e011a14353fd537.js, line 1: unreachable code after return statement
JavaScript warning: https://web.whatsapp.com/bootstrap_qr.3ee97e011a14353fd537.js, line 1: unreachable code after return statement
1621486039387	Marionette	INFO	Stopped listening on port 50117

###!!! [Child][RunMessage] Error: Channel closing: too late to send/recv, messages will be lost

1621486098333	geckodriver	INFO	Listening on 127.0.0.1:50219
1621486101438	mozrunner::runner	INFO	Running command: "C:\\Program Files\\Mozilla Firefox\\firefox.exe" "--marionette" "-foreground" "-no-remote" "-profile" "C:\\Users\\LENOVO\\AppData\\Local\\Temp\\rust_mozprofileqzpVu2"
1621486102206	Marionette	INFO	Marionette enabled
JavaScript error: resource://gre/modules/XULStore.jsm, line 66: Error: Can't find profile directory.
console.warn: SearchSettings: "get: No settings file exists, new profile?" (new Error("", "(unknown module)"))
1621486106161	Marionette	INFO	Listening on port 50227
1621486106267	Marionette	WARN	TLS certificate errors will be ignored for this session
JavaScript warning: https://web.whatsapp.com/bootstrap_qr.3ee97e011a14353fd537.js, line 1: unreachable code after return statement
JavaScript warning: https://web.whatsapp.com/bootstrap_qr.3ee97e011a14353fd537.js, line 1: unreachable code after return statement
1621486584463	geckodriver	INFO	Listening on 127.0.0.1:49829
1621486587559	mozrunner::runner	INFO	Running command: "C:\\Program Files\\Mozilla Firefox\\firefox.exe" "--marionette" "-foreground" "-no-remote" "-profile" "C:\\Users\\LENOVO\\AppData\\Local\\Temp\\rust_mozprofilev5E9iM"
1621486587971	Marionette	INFO	Marionette enabled
JavaScript error: resource://gre/modules/XULStore.jsm, line 66: Error: Can't find profile directory.
console.warn: SearchSettings: "get: No settings file exists, new profile?" (new Error("", "(unknown module)"))
1621486590471	Marionette	INFO	Listening on port 49837
1621486590720	Marionette	WARN	TLS certificate errors will be ignored for this session
JavaScript warning: https://web.whatsapp.com/bootstrap_qr.3ee97e011a14353fd537.js, line 1: unreachable code after return statement
JavaScript warning: https://web.whatsapp.com/bootstrap_qr.3ee97e011a14353fd537.js, line 1: unreachable code after return statement

###!!! [Parent][MessageChannel] Error: (msgtype=0x690008,name=PMessagePort::Msg___delete__) Channel closing: too late to send/recv, messages will be lost


###!!! [Parent][RunMessage] Error: Channel closing: too late to send/recv, messages will be lost


###!!! [Parent][RunMessage] Error: Channel closing: too late to send/recv, messages will be lost


###!!! [Parent][RunMessage] Error: Channel closing: too late to send/recv, messages will be lost


###!!! [Parent][RunMessage] Error: Channel closing: too late to send/recv, messages will be lost


###!!! [Parent][RunMessage] Error: Channel closing: too late to send/recv, messages will be lost


###!!! [Parent][RunMessage] Error: Channel closing: too late to send/recv, messages will be lost


###!!! [Parent][RunMessage] Error: Channel closing: too late to send/recv, messages will be lost


###!!! [Parent][RunMessage] Error: Channel closing: too late to send/recv, messages will be lost


###!!! [Parent][RunMessage] Error: Channel closing: too late to send/recv, messages will be lost


###!!! [Parent][RunMessage] Error: Channel closing: too late to send/recv, messages will be lost


###!!! [Parent][RunMessage] Error: Channel closing: too late to send/recv, messages will be lost


###!!! [Parent][RunMessage] Error: Channel closing: too late to send/recv, messages will be lost


###!!! [Child][MessageChannel] Error: (msgtype=0x6B0027,name=PNecko::Msg_RemoveRequestContext) Channel closing: too late to send/recv, messages will be lost


###!!! [Parent][MessageChannel] Error: (msgtype=0x690008,name=PMessagePort::Msg___delete__) Channel closing: too late to send/recv, messages will be lost

1621487909276	Marionette	INFO	Stopped listening on port 49837

###!!! [Child][RunMessage] Error: Channel closing: too late to send/recv, messages will be lost

enabled
JavaScript error: resource://gre/modules/XULStore.jsm, line 66: Error: Can't find profile directory.
console.warn: SearchSettings: "get: No settings file exists, new profile?" (new Error("", "(unknown module)"))
1621487609667	Marionette	INFO	Listening on port 50130
1621487610040	Marionette	WARN	TLS certificate errors will be ignored for this session
JavaScript warning: https://web.whatsapp.com/bootstrap_qr.3ee97e011a14353fd537.js, line 1: unreachable code after return statement
JavaScript warning: https://web.whatsapp.com/bootstrap_qr.3ee97e011a14353fd537.js, line 1: unreachable code after return statement

###!!! [Parent][RunMessage] Error: Channel closing: too late to send/recv, messages will be lost


###!!! [Parent][RunMessage] Error: Channel closing: too late to send/recv, messages will be lost


###!!! [Parent][RunMessage] Error: Channel closing: too late to send/recv, messages will be lost


###!!! [Parent][RunMessage] Error: Channel closing: too late to send/recv, messages will be lost

1621487908033	Marionette	INFO	Stopped listening on port 50130

###!!! [Child][RunMessage] Error: Channel closing: too late to send/recv, messages will be lost

1621487911168	geckodriver	INFO	Listening on 127.0.0.1:50237
1621487914267	mozrunner::runner	INFO	Running command: "C:\\Program Files\\Mozilla Firefox\\firefox.exe" "--marionette" "-foreground" "-no-remote" "-profile" "C:\\Users\\LENOVO\\AppData\\Local\\Temp\\rust_mozprofilew9tnY4"
1621487915013	Marionette	INFO	Marionette enabled
JavaScript error: resource://gre/modules/XULStore.jsm, line 66: Error: Can't find profile directory.
console.warn: SearchSettings: "get: No settings file exists, new profile?" (new Error("", "(unknown module)"))
1621487918928	Marionette	INFO	Listening on port 50246
1621487919067	Marionette	WARN	TLS certificate errors will be ignored for this session
JavaScript warning: https://web.whatsapp.com/bootstrap_qr.3ee97e011a14353fd537.js, line 1: unreachable code after return statement
JavaScript warning: https://web.whatsapp.com/bootstrap_qr.3ee97e011a14353fd537.js, line 1: unreachable code after return statement

###!!! [Parent][RunMessage] Error: Channel closing: too late to send/recv, messages will be lost


###!!! [Parent][RunMessage] Error: Channel closing: too late to send/recv, messages will be lost


###!!! [Parent][RunMessage] Error: Channel closing: too late to send/recv, messages will be lost


###!!! [Parent][RunMessage] Error: Channel closing: too late to send/recv, messages will be lost

1621488125436	Marionette	INFO	Stopped listening on port 50246

###!!! [Child][RunMessage] Error: Channel closing: too late to send/recv, messages will be lost

1621488132640	geckodriver	INFO	Listening on 127.0.0.1:50321
1621488135694	mozrunner::runner	INFO	Running command: "C:\\Program Files\\Mozilla Firefox\\firefox.exe" "--marionette" "-foreground" "-no-remote" "-profile" "C:\\Users\\LENOVO\\AppData\\Local\\Temp\\rust_mozprofilegKRLIP"
1621488136135	Marionette	INFO	Marionette enabled
JavaScript error: resource://gre/modules/XULStore.jsm, line 66: Error: Can't find profile directory.
console.warn: SearchSettings: "get: No settings file exists, new profile?" (new Error("", "(unknown module)"))
1621488138228	Marionette	INFO	Listening on port 50330
1621488138362	Marionette	WARN	TLS certificate errors will be ignored for this session
JavaScript warning: https://web.whatsapp.com/bootstrap_qr.3ee97e011a14353fd537.js, line 1: unreachable code after return statement
JavaScript warning: https://web.whatsapp.com/bootstrap_qr.3ee97e011a14353fd537.js, line 1: unreachable code after return statement
[Parent 12252, IPC I/O Parent] WARNING: pipe error: 232: file /builds/worker/checkouts/gecko/ipc/chromium/src/chrome/common/ipc_channel_win.cc:544
1621488665693	Marionette	INFO	Stopped listening on port 50330
1621488823168	geckodriver	INFO	Listening on 127.0.0.1:50453
1621488826244	mozrunner::runner	INFO	Running command: "C:\\Program Files\\Mozilla Firefox\\firefox.exe" "--marionette" "-foreground" "-no-remote" "-profile" "C:\\Users\\LENOVO\\AppData\\Local\\Temp\\rust_mozprofileFrrgb9"
1621488826663	Marionette	INFO	Marionette enabled
JavaScript error: resource://gre/modules/XULStore.jsm, line 66: Error: Can't find profile directory.
console.warn: SearchSettings: "get: No settings file exists, new profile?" (new Error("", "(unknown module)"))
1621488829040	Marionette	INFO	Listening on port 50461
1621488829418	Marionette	WARN	TLS certificate errors will be ignored for this session
JavaScript warning: https://web.whatsapp.com/bootstrap_qr.3ee97e011a14353fd537.js, line 1: unreachable code after return statement
JavaScript warning: https://web.whatsapp.com/bootstrap_qr.3ee97e011a14353fd537.js, line 1: unreachable code after return statement

###!!! [Parent][MessageChannel] Error: (msgtype=0x690008,name=PMessagePort::Msg___delete__) Channel closing: too late to send/recv, messages will be lost


###!!! [Parent][RunMessage] Error: Channel closing: too late to send/recv, messages will be lost


###!!! [Parent][RunMessage] Error: Channel closing: too late to send/recv, messages will be lost


###!!! [Parent][RunMessage] Error: Channel closing: too late to send/recv, messages will be lost


###!!! [Parent][RunMessage] Error: Channel closing: too late to send/recv, messages will be lost


###!!! [Parent][RunMessage] Error: Channel closing: too late to send/recv, messages will be lost


###!!! [Parent][RunMessage] Error: Channel closing: too late to send/recv, messages will be lost


###!!! [Parent][RunMessage] Error: Channel closing: too late to send/recv, messages will be lost


###!!! [Parent][RunMessage] Error: Channel closing: too late to send/recv, messages will be lost


###!!! [Parent][RunMessage] Error: Channel closing: too late to send/recv, messages will be lost


###!!! [Parent][RunMessage] Error: Channel closing: too late to send/recv, messages will be lost


###!!! [Parent][RunMessage] Error: Channel closing: too late to send/recv, messages will be lost


###!!! [Parent][RunMessage] Error: Channel closing: too late to send/recv, messages will be lost

1621489116796	Marionette	INFO	Stopped listening on port 50461

###!!! [Child][RunMessage] Error: Channel closing: too late to send/recv, messages will be lost

"--marionette" "-foreground" "-no-remote" "-profile" "C:\\Users\\LENOVO\\AppData\\Local\\Temp\\rust_mozprofileMmBUGL"
1621488991671	Marionette	INFO	Marionette enabled
JavaScript error: resource://gre/modules/XULStore.jsm, line 66: Error: Can't find profile directory.
console.warn: SearchSettings: "get: No settings file exists, new profile?" (new Error("", "(unknown module)"))
1621488994084	Marionette	INFO	Listening on port 50561
1621488994466	Marionette	WARN	TLS certificate errors will be ignored for this session
JavaScript warning: https://web.whatsapp.com/bootstrap_qr.3ee97e011a14353fd537.js, line 1: unreachable code after return statement
JavaScript warning: https://web.whatsapp.com/bootstrap_qr.3ee97e011a14353fd537.js, line 1: unreachable code after return statement

###!!! [Parent][MessageChannel] Error: (msgtype=0x690008,name=PMessagePort::Msg___delete__) Channel closing: too late to send/recv, messages will be lost

[Parent 9832, IPC I/O Parent] WARNING: pipe error: 232: file /builds/worker/checkouts/gecko/ipc/chromium/src/chrome/common/ipc_channel_win.cc:544

###!!! [Parent][RunMessage] Error: Channel closing: too late to send/recv, messages will be lost


###!!! [Parent][RunMessage] Error: Channel closing: too late to send/recv, messages will be lost


###!!! [Parent][RunMessage] Error: Channel closing: too late to send/recv, messages will be lost


###!!! [Parent][RunMessage] Error: Channel closing: too late to send/recv, messages will be lost


###!!! [Parent][RunMessage] Error: Channel closing: too late to send/recv, messages will be lost


###!!! [Parent][RunMessage] Error: Channel closing: too late to send/recv, messages will be lost

1621489115652	Marionette	INFO	Stopped listening on port 50561

###!!! [Child][RunMessage] Error: Channel closing: too late to send/recv, messages will be lost

